2025-07-18 22:36:25,872 - INFO - Starting ICDD creation...
2025-07-19 22:56:47,677 - INFO - Starting ICDD creation...
2025-07-19 23:01:19,905 - INFO - Starting ICDD creation...
2025-07-22 21:12:43,703 - INFO - Starting ICDD creation...
2025-07-22 21:13:49,857 - INFO - Starting ICDD creation...
2025-07-22 21:29:41,577 - INFO - Starting ICDD creation...
2025-07-22 21:47:31,395 - INFO - Index.rdf created in C:/Users/Aleks/Desktop\Test ICDD Container\Index.rdf
2025-07-22 22:06:24,717 - INFO - ICDD created: C:/Users/Aleks/Desktop\Test ICDD Container.icdd
2025-07-22 22:10:01,558 - INFO - Starting the ICDD...
2025-07-22 22:12:37,830 - INFO - ICDD extracted in: C:\Users\Aleks\AppData\Local\Temp\tmp06duwlt2
2025-07-22 22:14:26,518 - INFO - Temporary directory C:\Users\Aleks\AppData\Local\Temp\tmp06duwlt2 deleted.
2025-07-22 22:14:40,881 - INFO - Starting the ICDD...
2025-07-22 22:14:43,604 - INFO - ICDD extracted in: C:\Users\Aleks\AppData\Local\Temp\tmpkruzabjj
2025-07-22 23:03:58,076 - INFO - Temporary directory C:\Users\Aleks\AppData\Local\Temp\tmpkruzabjj deleted.
2025-07-22 23:24:57,629 - INFO - Import CDE Backup started.
2025-07-22 23:25:08,638 - INFO - ICDD extracted into C:\Users\Aleks\AppData\Local\Temp\tmp1527qcg1
2025-07-22 23:26:56,749 - INFO - CDE Backup extracted into C:\Users\Aleks\AppData\Local\Temp\tmpluzi768m
2025-07-22 23:26:56,751 - INFO - Flattened nested 'CDE Backup_1' folder.
2025-07-22 23:38:24,116 - INFO - Index.rdf updated after CDE Backup import (no linkset).
2025-07-22 23:39:23,555 - INFO - Updated ICDD saved: C:/Users/Aleks/Desktop/Test ICDD Container_CDE.icdd
2025-07-22 23:41:02,675 - INFO - Import CDE Backup started.
2025-07-22 23:41:15,853 - INFO - Starting the ICDD...
2025-07-22 23:41:22,013 - INFO - ICDD extracted in: C:\Users\Aleks\AppData\Local\Temp\tmp_smf3zkp
2025-07-23 10:46:23,131 - INFO - Temporary directory C:\Users\Aleks\AppData\Local\Temp\tmp_smf3zkp deleted.
2025-07-23 10:56:07,230 - INFO - Importing CSV/IFC links...
2025-07-23 10:56:14,110 - INFO - ICDD extracted into C:\Users\Aleks\AppData\Local\Temp\tmp1w1nke2u
2025-07-23 10:56:29,905 - INFO - IFC documents found: 1
2025-07-23 10:56:29,906 - INFO - IFC full path: C:\Users\Aleks\AppData\Local\Temp\tmp1w1nke2u\Payload documents\CDE Backup_1\02_Untersuchungsplanung\20230907_TM_Untersuchungsplanung_a.ifc
2025-07-23 10:56:30,009 - INFO - No IfcWall found, trying IfcProduct.
2025-07-23 10:56:30,040 - WARNING - Document with path 'CDE Backup_1/GrundlagenInformationen/00815_BW816_KI_E_MF_001_--_z_TBW1.ifc' not found.
2025-07-23 10:56:30,040 - WARNING - Document with path 'CDE Backup_1/GrundlagenInformationen/00815_BW816_KI_E_MF_001_--_z_TBW2.ifc' not found.
2025-07-23 10:56:30,041 - WARNING - Documents not found for: CDE Backup_1/GrundlagenInformationen/00815_BW816_KI_E_MF_001_--_z_TBW1.ifc or CDE Backup_1/GrundlagenInformationen/00815_BW816_KI_E_MF_001_--_z_TBW2.ifc
2025-07-23 10:56:30,041 - WARNING - Document with path 'CDE Backup_1/GrundlagenInformationen/00815_BW816_KI_E_MF_001_--_z_TBW1.ifc' not found.
2025-07-23 10:56:30,041 - INFO - Found document by ct:filename: http://example.com/container/InternalDocument4527e53d-3813-4caa-ac90-dc61a4e40d50
2025-07-23 10:56:30,041 - WARNING - Documents not found for: CDE Backup_1/GrundlagenInformationen/00815_BW816_KI_E_MF_001_--_z_TBW1.ifc or CDE Backup_1/02_Untersuchungsplanung/20230907_TM_Untersuchungsplanung_a.ifc
2025-07-23 10:56:30,041 - WARNING - Document with path 'CDE Backup_1/GrundlagenInformationen/00815_BW816_KI_E_MF_001_--_z_TBW1.ifc' not found.
2025-07-23 10:56:30,041 - INFO - Found document by ct:filename: http://example.com/container/InternalDocument795f4574-d556-4f27-b942-deaefd7c3d45
2025-07-23 10:56:30,041 - WARNING - Documents not found for: CDE Backup_1/GrundlagenInformationen/00815_BW816_KI_E_MF_001_--_z_TBW1.ifc or CDE Backup_1/02_Untersuchungsplanung/20230425_05219_02_AP2_kok_Untersuchungsplanung_Betondruckfestigkeit_klassisch.pdf
2025-07-23 10:56:30,042 - INFO - Found document by ct:filename: http://example.com/container/InternalDocument795f4574-d556-4f27-b942-deaefd7c3d45
2025-07-23 10:56:30,042 - INFO - Found document by ct:filename: http://example.com/container/InternalDocument4527e53d-3813-4caa-ac90-dc61a4e40d50
2025-07-23 10:56:30,042 - INFO - Found document by ct:filename: http://example.com/container/InternalDocument795f4574-d556-4f27-b942-deaefd7c3d45
2025-07-23 10:56:30,043 - WARNING - Document with path 'CDE Backup_1/01_Vertragsunterlagen/20240619_Lv_sty_ohne_Preise_modellbasierte.pdf' not found.
2025-07-23 10:56:30,043 - WARNING - Documents not found for: CDE Backup_1/02_Untersuchungsplanung/20230425_05219_02_AP2_kok_Untersuchungsplanung_Betondruckfestigkeit_klassisch.pdf or CDE Backup_1/01_Vertragsunterlagen/20240619_Lv_sty_ohne_Preise_modellbasierte.pdf
2025-07-23 10:56:30,043 - INFO - Found document by ct:filename: http://example.com/container/InternalDocument795f4574-d556-4f27-b942-deaefd7c3d45
2025-07-23 10:56:30,043 - INFO - Found document by ct:filename: http://example.com/container/InternalDocumentf4339b3e-41cf-403f-b243-a426c594ddd8
2025-07-23 10:56:30,043 - WARNING - Document with path 'CDE Backup_1/01_Vertragsunterlagen/20230829_05219_02_openSIM_Leistungsbeschreibung.pdf' not found.
2025-07-23 10:56:30,044 - WARNING - Document with path 'CDE Backup_1/01_Vertragsunterlagen/20240619_Lv_sty_ohne_Preise_modellbasierte_Untersuchungsplanung.pdf' not found.
2025-07-23 10:56:30,044 - WARNING - Documents not found for: CDE Backup_1/01_Vertragsunterlagen/20230829_05219_02_openSIM_Leistungsbeschreibung.pdf or CDE Backup_1/01_Vertragsunterlagen/20240619_Lv_sty_ohne_Preise_modellbasierte_Untersuchungsplanung.pdf
2025-07-23 10:56:30,044 - WARNING - Document with path 'CDE Backup_1/01_Vertragsunterlagen/20240619_Lv_sty_ohne_Preise_modellbasierte.pdf' not found.
2025-07-23 10:56:30,044 - WARNING - Document with path 'CDE Backup_1/GrundlagenInformationen/00815_BW816_KI_E_MF_001_--_z_TBW1.ifc' not found.
2025-07-23 10:56:30,044 - WARNING - Documents not found for: CDE Backup_1/01_Vertragsunterlagen/20240619_Lv_sty_ohne_Preise_modellbasierte.pdf or CDE Backup_1/GrundlagenInformationen/00815_BW816_KI_E_MF_001_--_z_TBW1.ifc
2025-07-23 10:56:30,044 - INFO - Found document by ct:filename: http://example.com/container/InternalDocumentf4339b3e-41cf-403f-b243-a426c594ddd8
2025-07-23 10:56:30,044 - WARNING - Document with path 'CDE Backup_1/GrundlagenInformationen/00815_BW816_KI_E_MF_001_--_z_TBW1.ifc' not found.
2025-07-23 10:56:30,044 - WARNING - Documents not found for: CDE Backup_1/01_Vertragsunterlagen/20231110_openSIM_Objektkatalog.xlsx or CDE Backup_1/GrundlagenInformationen/00815_BW816_KI_E_MF_001_--_z_TBW1.ifc
2025-07-23 10:56:30,045 - WARNING - Document with path 'CDE Backup_1/01_Vertragsunterlagen/20230829_05219_02_openSIM_Leistungsbeschreibung.pdf' not found.
2025-07-23 10:56:30,045 - WARNING - Document with path 'CDE Backup_1/01_Vertragsunterlagen/20231110_05219_02_openSIM_BAP.pdf' not found.
2025-07-23 10:56:30,045 - WARNING - Documents not found for: CDE Backup_1/01_Vertragsunterlagen/20230829_05219_02_openSIM_Leistungsbeschreibung.pdf or CDE Backup_1/01_Vertragsunterlagen/20231110_05219_02_openSIM_BAP.pdf
2025-07-23 10:56:30,045 - WARNING - Document with path 'CDE Backup_1/01_Vertragsunterlagen/20230829_05219_02_openSIM_Leistungsbeschreibung.pdf' not found.
2025-07-23 10:56:30,045 - WARNING - Document with path 'CDE Backup_1/01_Vertragsunterlagen/20231110_05219_02_openSIM_AIA.pdf' not found.
2025-07-23 10:56:30,045 - WARNING - Documents not found for: CDE Backup_1/01_Vertragsunterlagen/20230829_05219_02_openSIM_Leistungsbeschreibung.pdf or CDE Backup_1/01_Vertragsunterlagen/20231110_05219_02_openSIM_AIA.pdf
2025-07-23 10:56:30,045 - WARNING - Document with path 'CDE Backup_1/GrundlagenInformationen/00815_BW816_KI_E_MF_001_--_z_TBW2.ifc' not found.
2025-07-23 10:56:30,046 - INFO - Found document by ct:filename: http://example.com/container/InternalDocument4527e53d-3813-4caa-ac90-dc61a4e40d50
2025-07-23 10:56:30,046 - WARNING - Documents not found for: CDE Backup_1/GrundlagenInformationen/00815_BW816_KI_E_MF_001_--_z_TBW2.ifc or CDE Backup_1/02_Untersuchungsplanung/20230907_TM_Untersuchungsplanung_a.ifc
2025-07-23 10:56:30,046 - WARNING - Document with path 'CDE Backup_1/01_Vertragsunterlagen/20240619_Lv_sty_ohne_Preise_modellbasierte.pdf' not found.
2025-07-23 10:56:30,046 - WARNING - Document with path 'CDE Backup_1/links.csv' not found.
2025-07-23 10:56:30,046 - WARNING - Documents not found for: CDE Backup_1/01_Vertragsunterlagen/20240619_Lv_sty_ohne_Preise_modellbasierte.pdf or CDE Backup_1/links.csv
2025-07-23 10:56:30,046 - WARNING - Document with path 'CDE Backup_1/01_Vertragsunterlagen/20231110_05219_02_openSIM_BAP.pdf' not found.
2025-07-23 10:56:30,046 - WARNING - Document with path 'CDE Backup_1/01_Vertragsunterlagen/20230829_05219_02_openSIM_Leistungsbeschreibung.pdf' not found.
2025-07-23 10:56:30,046 - WARNING - Documents not found for: CDE Backup_1/01_Vertragsunterlagen/20231110_05219_02_openSIM_BAP.pdf or CDE Backup_1/01_Vertragsunterlagen/20230829_05219_02_openSIM_Leistungsbeschreibung.pdf
2025-07-23 10:56:30,047 - INFO - Found document by ct:filename: http://example.com/container/InternalDocument4527e53d-3813-4caa-ac90-dc61a4e40d50
2025-07-23 10:56:30,047 - WARNING - Document with path 'CDE Backup_1/01_Vertragsunterlagen/20231110_05219_02_openSIM_BAP.pdf' not found.
2025-07-23 10:56:30,047 - WARNING - Documents not found for: CDE Backup_1/02_Untersuchungsplanung/20230907_TM_Untersuchungsplanung_a.ifc or CDE Backup_1/01_Vertragsunterlagen/20231110_05219_02_openSIM_BAP.pdf
2025-07-23 10:56:30,047 - INFO - Processing IfcProject in IFC file: C:\Users\Aleks\AppData\Local\Temp\tmp1w1nke2u\Payload documents\CDE Backup_1\02_Untersuchungsplanung\20230907_TM_Untersuchungsplanung_a.ifc
2025-07-23 10:56:30,117 - INFO - Found IfcProject with GlobalId: 223Pa4wvfCy8HqjQa3iQkW in CDE Backup_1/02_Untersuchungsplanung/20230907_TM_Untersuchungsplanung_a.ifc
2025-07-23 10:56:30,120 - INFO - Link file saved: C:\Users\Aleks\AppData\Local\Temp\tmp1w1nke2u\Payload triples\LinksetRelations_ef0e7ee6-4c3a-4a1c-90a8-ce398ff32195.rdf
2025-07-23 10:56:30,123 - INFO - Index.rdf updated with CSV/IFC links (including IfcProject, IfcPart).
2025-07-23 10:56:43,710 - INFO - Updated ICDD saved: C:/Users/Aleks/Desktop/Test ICDD Container_CDE_CSV.icdd
2025-07-23 10:56:46,258 - INFO - Starting the ICDD...
2025-07-23 10:56:48,546 - INFO - ICDD extracted in: C:\Users\Aleks\AppData\Local\Temp\tmpqopnhhi8
2025-07-23 11:53:29,280 - ERROR - Error deleting a temporary directory C:\Users\Aleks\AppData\Local\Temp\tmpqopnhhi8: [WinError 32] The process cannot access the file because it is being used by another process: 'C:\\Users\\Aleks\\AppData\\Local\\Temp\\tmpqopnhhi8\\Payload triples'
2025-07-23 11:55:10,531 - INFO - Importing CSV/IFC links...
2025-07-23 11:55:15,160 - INFO - ICDD extracted into C:\Users\Aleks\AppData\Local\Temp\tmp_32w_xyu
2025-07-23 11:55:21,608 - INFO - IFC documents found: 1
2025-07-23 11:55:21,608 - INFO - IFC full path: C:\Users\Aleks\AppData\Local\Temp\tmp_32w_xyu\Payload documents\CDE Backup_1\02_Untersuchungsplanung\20230907_TM_Untersuchungsplanung_a.ifc
2025-07-23 11:55:21,666 - INFO - No IfcWall found, trying IfcProduct.
2025-07-23 11:55:21,700 - WARNING - Document with path 'CDE Backup_1/GrundlagenInformationen/00815_BW816_KI_E_MF_001_--_z_TBW1.ifc' not found.
2025-07-23 11:55:21,700 - WARNING - Document with path 'CDE Backup_1/GrundlagenInformationen/00815_BW816_KI_E_MF_001_--_z_TBW2.ifc' not found.
2025-07-23 11:55:21,700 - WARNING - Documents not found for: CDE Backup_1/GrundlagenInformationen/00815_BW816_KI_E_MF_001_--_z_TBW1.ifc or CDE Backup_1/GrundlagenInformationen/00815_BW816_KI_E_MF_001_--_z_TBW2.ifc
2025-07-23 11:55:21,700 - WARNING - Document with path 'CDE Backup_1/GrundlagenInformationen/00815_BW816_KI_E_MF_001_--_z_TBW1.ifc' not found.
2025-07-23 11:55:21,700 - INFO - Found document by ct:filename: http://example.com/container/InternalDocument4527e53d-3813-4caa-ac90-dc61a4e40d50
2025-07-23 11:55:21,700 - WARNING - Documents not found for: CDE Backup_1/GrundlagenInformationen/00815_BW816_KI_E_MF_001_--_z_TBW1.ifc or CDE Backup_1/02_Untersuchungsplanung/20230907_TM_Untersuchungsplanung_a.ifc
2025-07-23 11:55:21,700 - WARNING - Document with path 'CDE Backup_1/GrundlagenInformationen/00815_BW816_KI_E_MF_001_--_z_TBW1.ifc' not found.
2025-07-23 11:55:21,701 - INFO - Found document by ct:filename: http://example.com/container/InternalDocument795f4574-d556-4f27-b942-deaefd7c3d45
2025-07-23 11:55:21,701 - WARNING - Documents not found for: CDE Backup_1/GrundlagenInformationen/00815_BW816_KI_E_MF_001_--_z_TBW1.ifc or CDE Backup_1/02_Untersuchungsplanung/20230425_05219_02_AP2_kok_Untersuchungsplanung_Betondruckfestigkeit_klassisch.pdf
2025-07-23 11:55:21,701 - INFO - Found document by ct:filename: http://example.com/container/InternalDocument795f4574-d556-4f27-b942-deaefd7c3d45
2025-07-23 11:55:21,701 - INFO - Found document by ct:filename: http://example.com/container/InternalDocument4527e53d-3813-4caa-ac90-dc61a4e40d50
2025-07-23 11:55:21,701 - INFO - Found document by ct:filename: http://example.com/container/InternalDocument795f4574-d556-4f27-b942-deaefd7c3d45
2025-07-23 11:55:21,701 - WARNING - Document with path 'CDE Backup_1/01_Vertragsunterlagen/20240619_Lv_sty_ohne_Preise_modellbasierte.pdf' not found.
2025-07-23 11:55:21,701 - WARNING - Documents not found for: CDE Backup_1/02_Untersuchungsplanung/20230425_05219_02_AP2_kok_Untersuchungsplanung_Betondruckfestigkeit_klassisch.pdf or CDE Backup_1/01_Vertragsunterlagen/20240619_Lv_sty_ohne_Preise_modellbasierte.pdf
2025-07-23 11:55:21,701 - INFO - Found document by ct:filename: http://example.com/container/InternalDocument795f4574-d556-4f27-b942-deaefd7c3d45
2025-07-23 11:55:21,701 - INFO - Found document by ct:filename: http://example.com/container/InternalDocumentf4339b3e-41cf-403f-b243-a426c594ddd8
2025-07-23 11:55:21,701 - WARNING - Document with path 'CDE Backup_1/01_Vertragsunterlagen/20230829_05219_02_openSIM_Leistungsbeschreibung.pdf' not found.
2025-07-23 11:55:21,701 - WARNING - Document with path 'CDE Backup_1/01_Vertragsunterlagen/20240619_Lv_sty_ohne_Preise_modellbasierte_Untersuchungsplanung.pdf' not found.
2025-07-23 11:55:21,702 - WARNING - Documents not found for: CDE Backup_1/01_Vertragsunterlagen/20230829_05219_02_openSIM_Leistungsbeschreibung.pdf or CDE Backup_1/01_Vertragsunterlagen/20240619_Lv_sty_ohne_Preise_modellbasierte_Untersuchungsplanung.pdf
2025-07-23 11:55:21,702 - WARNING - Document with path 'CDE Backup_1/01_Vertragsunterlagen/20240619_Lv_sty_ohne_Preise_modellbasierte.pdf' not found.
2025-07-23 11:55:21,702 - WARNING - Document with path 'CDE Backup_1/GrundlagenInformationen/00815_BW816_KI_E_MF_001_--_z_TBW1.ifc' not found.
2025-07-23 11:55:21,702 - WARNING - Documents not found for: CDE Backup_1/01_Vertragsunterlagen/20240619_Lv_sty_ohne_Preise_modellbasierte.pdf or CDE Backup_1/GrundlagenInformationen/00815_BW816_KI_E_MF_001_--_z_TBW1.ifc
2025-07-23 11:55:21,702 - INFO - Found document by ct:filename: http://example.com/container/InternalDocumentf4339b3e-41cf-403f-b243-a426c594ddd8
2025-07-23 11:55:21,702 - WARNING - Document with path 'CDE Backup_1/GrundlagenInformationen/00815_BW816_KI_E_MF_001_--_z_TBW1.ifc' not found.
2025-07-23 11:55:21,702 - WARNING - Documents not found for: CDE Backup_1/01_Vertragsunterlagen/20231110_openSIM_Objektkatalog.xlsx or CDE Backup_1/GrundlagenInformationen/00815_BW816_KI_E_MF_001_--_z_TBW1.ifc
2025-07-23 11:55:21,702 - WARNING - Document with path 'CDE Backup_1/01_Vertragsunterlagen/20230829_05219_02_openSIM_Leistungsbeschreibung.pdf' not found.
2025-07-23 11:55:21,702 - WARNING - Document with path 'CDE Backup_1/01_Vertragsunterlagen/20231110_05219_02_openSIM_BAP.pdf' not found.
2025-07-23 11:55:21,702 - WARNING - Documents not found for: CDE Backup_1/01_Vertragsunterlagen/20230829_05219_02_openSIM_Leistungsbeschreibung.pdf or CDE Backup_1/01_Vertragsunterlagen/20231110_05219_02_openSIM_BAP.pdf
2025-07-23 11:55:21,702 - WARNING - Document with path 'CDE Backup_1/01_Vertragsunterlagen/20230829_05219_02_openSIM_Leistungsbeschreibung.pdf' not found.
2025-07-23 11:55:21,702 - WARNING - Document with path 'CDE Backup_1/01_Vertragsunterlagen/20231110_05219_02_openSIM_AIA.pdf' not found.
2025-07-23 11:55:21,703 - WARNING - Documents not found for: CDE Backup_1/01_Vertragsunterlagen/20230829_05219_02_openSIM_Leistungsbeschreibung.pdf or CDE Backup_1/01_Vertragsunterlagen/20231110_05219_02_openSIM_AIA.pdf
2025-07-23 11:55:21,703 - WARNING - Document with path 'CDE Backup_1/GrundlagenInformationen/00815_BW816_KI_E_MF_001_--_z_TBW2.ifc' not found.
2025-07-23 11:55:21,703 - INFO - Found document by ct:filename: http://example.com/container/InternalDocument4527e53d-3813-4caa-ac90-dc61a4e40d50
2025-07-23 11:55:21,703 - WARNING - Documents not found for: CDE Backup_1/GrundlagenInformationen/00815_BW816_KI_E_MF_001_--_z_TBW2.ifc or CDE Backup_1/02_Untersuchungsplanung/20230907_TM_Untersuchungsplanung_a.ifc
2025-07-23 11:55:21,703 - WARNING - Document with path 'CDE Backup_1/01_Vertragsunterlagen/20240619_Lv_sty_ohne_Preise_modellbasierte.pdf' not found.
2025-07-23 11:55:21,703 - WARNING - Document with path 'CDE Backup_1/links.csv' not found.
2025-07-23 11:55:21,703 - WARNING - Documents not found for: CDE Backup_1/01_Vertragsunterlagen/20240619_Lv_sty_ohne_Preise_modellbasierte.pdf or CDE Backup_1/links.csv
2025-07-23 11:55:21,703 - WARNING - Document with path 'CDE Backup_1/01_Vertragsunterlagen/20231110_05219_02_openSIM_BAP.pdf' not found.
2025-07-23 11:55:21,703 - WARNING - Document with path 'CDE Backup_1/01_Vertragsunterlagen/20230829_05219_02_openSIM_Leistungsbeschreibung.pdf' not found.
2025-07-23 11:55:21,703 - WARNING - Documents not found for: CDE Backup_1/01_Vertragsunterlagen/20231110_05219_02_openSIM_BAP.pdf or CDE Backup_1/01_Vertragsunterlagen/20230829_05219_02_openSIM_Leistungsbeschreibung.pdf
2025-07-23 11:55:21,703 - INFO - Found document by ct:filename: http://example.com/container/InternalDocument4527e53d-3813-4caa-ac90-dc61a4e40d50
2025-07-23 11:55:21,703 - WARNING - Document with path 'CDE Backup_1/01_Vertragsunterlagen/20231110_05219_02_openSIM_BAP.pdf' not found.
2025-07-23 11:55:21,703 - WARNING - Documents not found for: CDE Backup_1/02_Untersuchungsplanung/20230907_TM_Untersuchungsplanung_a.ifc or CDE Backup_1/01_Vertragsunterlagen/20231110_05219_02_openSIM_BAP.pdf
2025-07-23 11:55:21,704 - INFO - Processing IfcProject in IFC file: C:\Users\Aleks\AppData\Local\Temp\tmp_32w_xyu\Payload documents\CDE Backup_1\02_Untersuchungsplanung\20230907_TM_Untersuchungsplanung_a.ifc
2025-07-23 11:55:21,753 - INFO - Found IfcProject with GlobalId: 223Pa4wvfCy8HqjQa3iQkW in CDE Backup_1/02_Untersuchungsplanung/20230907_TM_Untersuchungsplanung_a.ifc
2025-07-23 11:55:21,755 - INFO - Link file saved: C:\Users\Aleks\AppData\Local\Temp\tmp_32w_xyu\Payload triples\LinksetRelations_4074dd24-f9cd-42ad-ada9-18eb40ae8149.rdf
2025-07-23 11:55:21,757 - INFO - Index.rdf updated with CSV/IFC links (including IfcProject, IfcPart).
2025-07-23 12:02:05,027 - INFO - Starting the ICDD...
2025-07-23 12:02:12,909 - INFO - ICDD extracted in: C:\Users\Aleks\AppData\Local\Temp\tmpbxjvj38_
2025-07-23 21:40:39,604 - INFO - Temporary directory C:\Users\Aleks\AppData\Local\Temp\tmpbxjvj38_ deleted.
2025-07-23 21:40:50,999 - INFO - Index.rdf created at C:/Users/Aleks/Desktop\фвафа\Index.rdf
2025-07-23 21:41:07,372 - INFO - Import CDE Backup started.
2025-07-23 21:41:16,604 - INFO - CDE Backup extracted into C:\Users\Aleks\AppData\Local\Temp\tmpr4lawtu5
2025-07-23 21:41:16,606 - INFO - Flattened nested 'CDE Backup_1' folder.
2025-07-23 21:41:26,443 - INFO - Index.rdf updated after CDE Backup import (no linkset).
2025-07-23 21:46:18,620 - INFO - Index.rdf created at C:/Users/Aleks/Desktop\жж\Index.rdf
2025-07-23 21:47:44,510 - INFO - Index.rdf created at C:/Users/Aleks/Desktop\жж\Index.rdf
2025-08-16 20:35:41,233 - INFO - Starting the ICDD...
2025-08-16 21:17:42,472 - INFO - Starting ICDD creation...
2025-08-16 21:17:53,798 - INFO - Index.rdf created in C:/Users/Aleks/Desktop\Test\Index.rdf
2025-08-16 21:17:54,850 - INFO - ICDD created: C:/Users/Aleks/Desktop\Test.icdd
2025-08-16 21:17:56,061 - INFO - Starting the ICDD...
2025-08-16 21:17:58,248 - INFO - ICDD extracted in: C:\Users\Aleks\AppData\Local\Temp\tmpothlo35r
2025-08-16 21:18:04,395 - INFO - Temporary directory C:\Users\Aleks\AppData\Local\Temp\tmpothlo35r deleted.
2025-08-16 21:18:05,005 - INFO - Import CDE Backup started.
2025-08-16 21:18:09,036 - INFO - ICDD extracted into C:\Users\Aleks\AppData\Local\Temp\tmpdtx41fs3
2025-08-16 21:18:17,526 - INFO - CDE Backup extracted into C:\Users\Aleks\AppData\Local\Temp\tmp_3bupnew
2025-08-16 21:18:17,529 - INFO - Flattened nested 'CDE Backup_1' folder.
2025-08-16 21:18:35,114 - INFO - Index.rdf updated after CDE Backup import (no linkset).
2025-08-16 21:19:19,331 - INFO - Updated ICDD saved: C:/Users/Aleks/Desktop/Test_CDE.icdd
2025-08-16 21:23:15,262 - INFO - Importing CSV/IFC links...
2025-08-16 21:23:17,617 - INFO - ICDD extracted into C:\Users\Aleks\AppData\Local\Temp\tmpciwqqxax
2025-08-16 21:23:24,650 - INFO - IFC documents found: 2
2025-08-16 21:23:24,650 - INFO - IFC full path: C:\Users\Aleks\AppData\Local\Temp\tmpciwqqxax\Payload documents\CDE Backup_1\GrundlagenInformationen\00815_BW816_KI_E_MF_001_--_z_TBW1.ifc
2025-08-16 21:23:25,217 - INFO - No IfcWall found, trying IfcProduct.
2025-08-16 21:23:25,221 - INFO - IFC full path: C:\Users\Aleks\AppData\Local\Temp\tmpciwqqxax\Payload documents\CDE Backup_1\GrundlagenInformationen\00815_BW816_KI_E_MF_001_--_z_TBW2.ifc
2025-08-16 21:23:25,774 - INFO - No IfcWall found, trying IfcProduct.
2025-08-16 21:23:25,857 - INFO - Found document by ct:filename: http://example.com/container/InternalDocument864740c5-9f1f-4f24-b59f-f9fe99681bc4
2025-08-16 21:23:25,858 - INFO - Found document by ct:filename: http://example.com/container/InternalDocumentd86da175-2367-4e0a-a673-ef702b6429f8
2025-08-16 21:23:25,858 - INFO - Found document by ct:filename: http://example.com/container/InternalDocument864740c5-9f1f-4f24-b59f-f9fe99681bc4
2025-08-16 21:23:25,858 - WARNING - Document with path 'CDE Backup_1/02_Untersuchungsplanung/20230907_TM_Untersuchungsplanung_a.ifc' not found.
2025-08-16 21:23:25,858 - WARNING - Documents not found for: CDE Backup_1/GrundlagenInformationen/00815_BW816_KI_E_MF_001_--_z_TBW1.ifc or CDE Backup_1/02_Untersuchungsplanung/20230907_TM_Untersuchungsplanung_a.ifc
2025-08-16 21:23:25,858 - INFO - Found document by ct:filename: http://example.com/container/InternalDocument864740c5-9f1f-4f24-b59f-f9fe99681bc4
2025-08-16 21:23:25,859 - WARNING - Document with path 'CDE Backup_1/02_Untersuchungsplanung/20230425_05219_02_AP2_kok_Untersuchungsplanung_Betondruckfestigkeit_klassisch.pdf' not found.
2025-08-16 21:23:25,859 - WARNING - Documents not found for: CDE Backup_1/GrundlagenInformationen/00815_BW816_KI_E_MF_001_--_z_TBW1.ifc or CDE Backup_1/02_Untersuchungsplanung/20230425_05219_02_AP2_kok_Untersuchungsplanung_Betondruckfestigkeit_klassisch.pdf
2025-08-16 21:23:25,859 - WARNING - Document with path 'CDE Backup_1/02_Untersuchungsplanung/20230425_05219_02_AP2_kok_Untersuchungsplanung_Betondruckfestigkeit_klassisch.pdf' not found.
2025-08-16 21:23:25,859 - WARNING - Document with path 'CDE Backup_1/02_Untersuchungsplanung/20230907_TM_Untersuchungsplanung_a.ifc' not found.
2025-08-16 21:23:25,859 - WARNING - Documents not found for: CDE Backup_1/02_Untersuchungsplanung/20230425_05219_02_AP2_kok_Untersuchungsplanung_Betondruckfestigkeit_klassisch.pdf or CDE Backup_1/02_Untersuchungsplanung/20230907_TM_Untersuchungsplanung_a.ifc
2025-08-16 21:23:25,859 - WARNING - Document with path 'CDE Backup_1/02_Untersuchungsplanung/20230425_05219_02_AP2_kok_Untersuchungsplanung_Betondruckfestigkeit_klassisch.pdf' not found.
2025-08-16 21:23:25,859 - INFO - Found document by ct:filename: http://example.com/container/InternalDocument41c81755-e40d-4767-8b2a-6382af1c2f0e
2025-08-16 21:23:25,859 - WARNING - Documents not found for: CDE Backup_1/02_Untersuchungsplanung/20230425_05219_02_AP2_kok_Untersuchungsplanung_Betondruckfestigkeit_klassisch.pdf or CDE Backup_1/01_Vertragsunterlagen/20240619_Lv_sty_ohne_Preise_modellbasierte.pdf
2025-08-16 21:23:25,860 - WARNING - Document with path 'CDE Backup_1/02_Untersuchungsplanung/20230425_05219_02_AP2_kok_Untersuchungsplanung_Betondruckfestigkeit_klassisch.pdf' not found.
2025-08-16 21:23:25,860 - INFO - Found document by ct:filename: http://example.com/container/InternalDocument28a4ab05-4174-4b13-ae8c-149eef586df2
2025-08-16 21:23:25,860 - WARNING - Documents not found for: CDE Backup_1/02_Untersuchungsplanung/20230425_05219_02_AP2_kok_Untersuchungsplanung_Betondruckfestigkeit_klassisch.pdf or CDE Backup_1/01_Vertragsunterlagen/20231110_openSIM_Objektkatalog.xlsx
2025-08-16 21:23:25,860 - INFO - Found document by ct:filename: http://example.com/container/InternalDocumente5ac4772-9d49-41a1-ae31-50ae01e886b7
2025-08-16 21:23:25,860 - INFO - Found document by ct:filename: http://example.com/container/InternalDocumentc2091c2e-3ddc-435b-9e70-436c5024ef2b
2025-08-16 21:23:25,860 - INFO - Found document by ct:filename: http://example.com/container/InternalDocument41c81755-e40d-4767-8b2a-6382af1c2f0e
2025-08-16 21:23:25,861 - INFO - Found document by ct:filename: http://example.com/container/InternalDocument864740c5-9f1f-4f24-b59f-f9fe99681bc4
2025-08-16 21:23:25,861 - INFO - Found document by ct:filename: http://example.com/container/InternalDocument28a4ab05-4174-4b13-ae8c-149eef586df2
2025-08-16 21:23:25,861 - INFO - Found document by ct:filename: http://example.com/container/InternalDocument864740c5-9f1f-4f24-b59f-f9fe99681bc4
2025-08-16 21:23:25,861 - INFO - Found document by ct:filename: http://example.com/container/InternalDocumente5ac4772-9d49-41a1-ae31-50ae01e886b7
2025-08-16 21:23:25,861 - INFO - Found document by ct:filename: http://example.com/container/InternalDocument22dbb21a-16b3-4658-b656-2cc50492f114
2025-08-16 21:23:25,862 - INFO - Found document by ct:filename: http://example.com/container/InternalDocumente5ac4772-9d49-41a1-ae31-50ae01e886b7
2025-08-16 21:23:25,862 - INFO - Found document by ct:filename: http://example.com/container/InternalDocument51ba6c07-470d-4183-b848-fe6082dc9b8b
2025-08-16 21:23:25,862 - INFO - Found document by ct:filename: http://example.com/container/InternalDocumentd86da175-2367-4e0a-a673-ef702b6429f8
2025-08-16 21:23:25,862 - WARNING - Document with path 'CDE Backup_1/02_Untersuchungsplanung/20230907_TM_Untersuchungsplanung_a.ifc' not found.
2025-08-16 21:23:25,862 - WARNING - Documents not found for: CDE Backup_1/GrundlagenInformationen/00815_BW816_KI_E_MF_001_--_z_TBW2.ifc or CDE Backup_1/02_Untersuchungsplanung/20230907_TM_Untersuchungsplanung_a.ifc
2025-08-16 21:23:25,863 - INFO - Found document by ct:filename: http://example.com/container/InternalDocument41c81755-e40d-4767-8b2a-6382af1c2f0e
2025-08-16 21:23:25,863 - WARNING - Document with path 'CDE Backup_1/links.csv' not found.
2025-08-16 21:23:25,863 - WARNING - Documents not found for: CDE Backup_1/01_Vertragsunterlagen/20240619_Lv_sty_ohne_Preise_modellbasierte.pdf or CDE Backup_1/links.csv
2025-08-16 21:23:25,863 - INFO - Found document by ct:filename: http://example.com/container/InternalDocument22dbb21a-16b3-4658-b656-2cc50492f114
2025-08-16 21:23:25,863 - INFO - Found document by ct:filename: http://example.com/container/InternalDocumente5ac4772-9d49-41a1-ae31-50ae01e886b7
2025-08-16 21:23:25,865 - WARNING - Document with path 'CDE Backup_1/02_Untersuchungsplanung/20230907_TM_Untersuchungsplanung_a.ifc' not found.
2025-08-16 21:23:25,865 - INFO - Found document by ct:filename: http://example.com/container/InternalDocument22dbb21a-16b3-4658-b656-2cc50492f114
2025-08-16 21:23:25,865 - WARNING - Documents not found for: CDE Backup_1/02_Untersuchungsplanung/20230907_TM_Untersuchungsplanung_a.ifc or CDE Backup_1/01_Vertragsunterlagen/20231110_05219_02_openSIM_BAP.pdf
2025-08-16 21:23:25,865 - INFO - Processing IfcProject in IFC file: C:\Users\Aleks\AppData\Local\Temp\tmpciwqqxax\Payload documents\CDE Backup_1\GrundlagenInformationen\00815_BW816_KI_E_MF_001_--_z_TBW1.ifc
2025-08-16 21:23:26,425 - INFO - Found IfcProject with GlobalId: 2prRkET0j1bPK3bmZIlnZt in CDE Backup_1/GrundlagenInformationen/00815_BW816_KI_E_MF_001_--_z_TBW1.ifc
2025-08-16 21:23:26,425 - INFO - Processing IfcProject in IFC file: C:\Users\Aleks\AppData\Local\Temp\tmpciwqqxax\Payload documents\CDE Backup_1\GrundlagenInformationen\00815_BW816_KI_E_MF_001_--_z_TBW2.ifc
2025-08-16 21:23:27,032 - INFO - Found IfcProject with GlobalId: 2prRkET0j1bPK3bmZIlnZt in CDE Backup_1/GrundlagenInformationen/00815_BW816_KI_E_MF_001_--_z_TBW2.ifc
2025-08-16 21:23:27,039 - INFO - Link file saved: C:\Users\Aleks\AppData\Local\Temp\tmpciwqqxax\Payload triples\LinksetRelations_1ee958ac-5f02-4827-8a48-372203fdecc6.rdf
2025-08-16 21:23:27,043 - INFO - Index.rdf updated with CSV/IFC links (including IfcProject, IfcPart).
2025-08-16 21:23:39,437 - INFO - Updated ICDD saved: C:/Users/Aleks/Desktop/Test_CDE_CSV.icdd
2025-08-16 21:24:29,808 - INFO - Starting the ICDD...
2025-08-16 21:24:31,929 - INFO - ICDD extracted in: C:\Users\Aleks\AppData\Local\Temp\tmpy1wdtzc6
2025-08-16 21:45:36,930 - INFO - Temporary directory C:\Users\Aleks\AppData\Local\Temp\tmpy1wdtzc6 deleted.
2025-08-17 01:49:16,344 - INFO - Starting ICDD creation...
2025-08-17 01:49:28,384 - INFO - Index.rdf created in C:/Users/Aleks/Desktop\Test 2\Index.rdf
2025-08-17 01:49:29,345 - INFO - ICDD created: C:/Users/Aleks/Desktop\Test 2.icdd
2025-08-17 01:49:30,755 - INFO - Import CDE Backup started.
2025-08-17 01:49:34,112 - INFO - ICDD extracted into C:\Users\Aleks\AppData\Local\Temp\tmp4qpssx06
2025-08-17 01:49:38,929 - INFO - CDE Backup extracted into C:\Users\Aleks\AppData\Local\Temp\tmpqvoa3x5s
2025-08-17 01:49:38,931 - INFO - Flattened nested 'CDE Backup_1' folder.
2025-08-17 01:49:52,865 - INFO - Index.rdf updated after CDE Backup import (no linkset).
2025-08-17 01:50:07,373 - INFO - Updated ICDD saved: C:/Users/Aleks/Desktop/Test 2_CDE.icdd
2025-08-17 01:51:17,191 - INFO - Importing CSV/IFC links...
2025-08-17 01:51:20,753 - INFO - ICDD extracted into C:\Users\Aleks\AppData\Local\Temp\tmprx9uar1g
2025-08-17 01:51:25,726 - INFO - IFC documents found: 1
2025-08-17 01:51:25,726 - INFO - IFC full path: C:\Users\Aleks\AppData\Local\Temp\tmprx9uar1g\Payload documents\CDE Backup_1\GrundlagenInformationen\00815_BW816_KI_E_MF_001_--_z_TBW1.ifc
2025-08-17 01:51:26,271 - INFO - No IfcWall found, trying IfcProduct.
2025-08-17 01:51:26,330 - INFO - Found document by ct:filename: http://example.com/container/InternalDocumentb81ea964-c56f-47d7-b815-6ff73cb5a687
2025-08-17 01:51:26,331 - WARNING - Document with path 'CDE Backup_1/GrundlagenInformationen/00815_BW816_KI_E_MF_001_--_z_TBW2.ifc' not found.
2025-08-17 01:51:26,331 - WARNING - Documents not found for: CDE Backup_1/GrundlagenInformationen/00815_BW816_KI_E_MF_001_--_z_TBW1.ifc or CDE Backup_1/GrundlagenInformationen/00815_BW816_KI_E_MF_001_--_z_TBW2.ifc
2025-08-17 01:51:26,331 - INFO - Found document by ct:filename: http://example.com/container/InternalDocumentb81ea964-c56f-47d7-b815-6ff73cb5a687
2025-08-17 01:51:26,331 - WARNING - Document with path 'CDE Backup_1/02_Untersuchungsplanung/20230907_TM_Untersuchungsplanung_a.ifc' not found.
2025-08-17 01:51:26,331 - WARNING - Documents not found for: CDE Backup_1/GrundlagenInformationen/00815_BW816_KI_E_MF_001_--_z_TBW1.ifc or CDE Backup_1/02_Untersuchungsplanung/20230907_TM_Untersuchungsplanung_a.ifc
2025-08-17 01:51:26,331 - INFO - Found document by ct:filename: http://example.com/container/InternalDocumentb81ea964-c56f-47d7-b815-6ff73cb5a687
2025-08-17 01:51:26,331 - WARNING - Document with path 'CDE Backup_1/02_Untersuchungsplanung/20230425_05219_02_AP2_kok_Untersuchungsplanung_Betondruckfestigkeit_klassisch.pdf' not found.
2025-08-17 01:51:26,332 - WARNING - Documents not found for: CDE Backup_1/GrundlagenInformationen/00815_BW816_KI_E_MF_001_--_z_TBW1.ifc or CDE Backup_1/02_Untersuchungsplanung/20230425_05219_02_AP2_kok_Untersuchungsplanung_Betondruckfestigkeit_klassisch.pdf
2025-08-17 01:51:26,332 - WARNING - Document with path 'CDE Backup_1/02_Untersuchungsplanung/20230425_05219_02_AP2_kok_Untersuchungsplanung_Betondruckfestigkeit_klassisch.pdf' not found.
2025-08-17 01:51:26,332 - WARNING - Document with path 'CDE Backup_1/02_Untersuchungsplanung/20230907_TM_Untersuchungsplanung_a.ifc' not found.
2025-08-17 01:51:26,332 - WARNING - Documents not found for: CDE Backup_1/02_Untersuchungsplanung/20230425_05219_02_AP2_kok_Untersuchungsplanung_Betondruckfestigkeit_klassisch.pdf or CDE Backup_1/02_Untersuchungsplanung/20230907_TM_Untersuchungsplanung_a.ifc
2025-08-17 01:51:26,332 - WARNING - Document with path 'CDE Backup_1/02_Untersuchungsplanung/20230425_05219_02_AP2_kok_Untersuchungsplanung_Betondruckfestigkeit_klassisch.pdf' not found.
2025-08-17 01:51:26,332 - INFO - Found document by ct:filename: http://example.com/container/InternalDocument0a6c8575-7eb3-4996-b5b1-cd827d2702a8
2025-08-17 01:51:26,332 - WARNING - Documents not found for: CDE Backup_1/02_Untersuchungsplanung/20230425_05219_02_AP2_kok_Untersuchungsplanung_Betondruckfestigkeit_klassisch.pdf or CDE Backup_1/01_Vertragsunterlagen/20240619_Lv_sty_ohne_Preise_modellbasierte.pdf
2025-08-17 01:51:26,333 - WARNING - Document with path 'CDE Backup_1/02_Untersuchungsplanung/20230425_05219_02_AP2_kok_Untersuchungsplanung_Betondruckfestigkeit_klassisch.pdf' not found.
2025-08-17 01:51:26,333 - INFO - Found document by ct:filename: http://example.com/container/InternalDocumentdcd01240-a300-4836-ae7b-ff94d082032b
2025-08-17 01:51:26,333 - WARNING - Documents not found for: CDE Backup_1/02_Untersuchungsplanung/20230425_05219_02_AP2_kok_Untersuchungsplanung_Betondruckfestigkeit_klassisch.pdf or CDE Backup_1/01_Vertragsunterlagen/20231110_openSIM_Objektkatalog.xlsx
2025-08-17 01:51:26,333 - INFO - Found document by ct:filename: http://example.com/container/InternalDocument829fb8e1-7946-4116-b7a2-ec125d1271de
2025-08-17 01:51:26,333 - INFO - Found document by ct:filename: http://example.com/container/InternalDocumentbfd598c7-8220-49cb-97bd-8d17db56f5c1
2025-08-17 01:51:26,333 - INFO - Found document by ct:filename: http://example.com/container/InternalDocument0a6c8575-7eb3-4996-b5b1-cd827d2702a8
2025-08-17 01:51:26,334 - INFO - Found document by ct:filename: http://example.com/container/InternalDocumentb81ea964-c56f-47d7-b815-6ff73cb5a687
2025-08-17 01:51:26,334 - INFO - Found document by ct:filename: http://example.com/container/InternalDocumentdcd01240-a300-4836-ae7b-ff94d082032b
2025-08-17 01:51:26,334 - INFO - Found document by ct:filename: http://example.com/container/InternalDocumentb81ea964-c56f-47d7-b815-6ff73cb5a687
2025-08-17 01:51:26,334 - INFO - Found document by ct:filename: http://example.com/container/InternalDocument829fb8e1-7946-4116-b7a2-ec125d1271de
2025-08-17 01:51:26,334 - INFO - Found document by ct:filename: http://example.com/container/InternalDocument82b7183a-30ff-465e-b944-8d9f486fea53
2025-08-17 01:51:26,335 - INFO - Found document by ct:filename: http://example.com/container/InternalDocument829fb8e1-7946-4116-b7a2-ec125d1271de
2025-08-17 01:51:26,335 - INFO - Found document by ct:filename: http://example.com/container/InternalDocument1a0d6d14-d9c1-42e0-ac0d-552d317c2082
2025-08-17 01:51:26,335 - WARNING - Document with path 'CDE Backup_1/GrundlagenInformationen/00815_BW816_KI_E_MF_001_--_z_TBW2.ifc' not found.
2025-08-17 01:51:26,335 - WARNING - Document with path 'CDE Backup_1/02_Untersuchungsplanung/20230907_TM_Untersuchungsplanung_a.ifc' not found.
2025-08-17 01:51:26,336 - WARNING - Documents not found for: CDE Backup_1/GrundlagenInformationen/00815_BW816_KI_E_MF_001_--_z_TBW2.ifc or CDE Backup_1/02_Untersuchungsplanung/20230907_TM_Untersuchungsplanung_a.ifc
2025-08-17 01:51:26,336 - INFO - Found document by ct:filename: http://example.com/container/InternalDocument0a6c8575-7eb3-4996-b5b1-cd827d2702a8
2025-08-17 01:51:26,336 - WARNING - Document with path 'CDE Backup_1/links.csv' not found.
2025-08-17 01:51:26,336 - WARNING - Documents not found for: CDE Backup_1/01_Vertragsunterlagen/20240619_Lv_sty_ohne_Preise_modellbasierte.pdf or CDE Backup_1/links.csv
2025-08-17 01:51:26,336 - INFO - Found document by ct:filename: http://example.com/container/InternalDocument82b7183a-30ff-465e-b944-8d9f486fea53
2025-08-17 01:51:26,336 - INFO - Found document by ct:filename: http://example.com/container/InternalDocument829fb8e1-7946-4116-b7a2-ec125d1271de
2025-08-17 01:51:26,337 - WARNING - Document with path 'CDE Backup_1/02_Untersuchungsplanung/20230907_TM_Untersuchungsplanung_a.ifc' not found.
2025-08-17 01:51:26,337 - INFO - Found document by ct:filename: http://example.com/container/InternalDocument82b7183a-30ff-465e-b944-8d9f486fea53
2025-08-17 01:51:26,337 - WARNING - Documents not found for: CDE Backup_1/02_Untersuchungsplanung/20230907_TM_Untersuchungsplanung_a.ifc or CDE Backup_1/01_Vertragsunterlagen/20231110_05219_02_openSIM_BAP.pdf
2025-08-17 01:51:26,337 - INFO - Processing IfcProject in IFC file: C:\Users\Aleks\AppData\Local\Temp\tmprx9uar1g\Payload documents\CDE Backup_1\GrundlagenInformationen\00815_BW816_KI_E_MF_001_--_z_TBW1.ifc
2025-08-17 01:51:26,866 - INFO - Found IfcProject with GlobalId: 2prRkET0j1bPK3bmZIlnZt in CDE Backup_1/GrundlagenInformationen/00815_BW816_KI_E_MF_001_--_z_TBW1.ifc
2025-08-17 01:51:26,871 - INFO - Link file saved: C:\Users\Aleks\AppData\Local\Temp\tmprx9uar1g\Payload triples\LinksetRelations_dcf642f6-54c6-41e9-8c95-3528d483950e.rdf
2025-08-17 01:51:26,876 - INFO - Index.rdf updated with CSV/IFC links (ISO-only).
2025-08-17 01:51:39,415 - INFO - Updated ICDD saved: C:/Users/Aleks/Desktop/Test 2_CDE_CSV.icdd
2025-08-17 01:52:39,810 - INFO - Starting the ICDD...
2025-08-17 01:52:42,324 - INFO - ICDD extracted in: C:\Users\Aleks\AppData\Local\Temp\tmp1u5yw4b6
2025-08-17 01:54:01,515 - INFO - Temporary directory C:\Users\Aleks\AppData\Local\Temp\tmp1u5yw4b6 deleted.
2025-08-17 01:54:03,418 - INFO - Importing CSV/IFC links...
2025-08-17 01:54:07,890 - INFO - ICDD extracted into C:\Users\Aleks\AppData\Local\Temp\tmp7v9nlawi
2025-08-17 01:54:14,646 - INFO - IFC documents found: 1
2025-08-17 01:54:14,646 - INFO - IFC full path: C:\Users\Aleks\AppData\Local\Temp\tmp7v9nlawi\Payload documents\CDE Backup_1\GrundlagenInformationen\00815_BW816_KI_E_MF_001_--_z_TBW1.ifc
2025-08-17 01:54:15,031 - INFO - No IfcWall found, trying IfcProduct.
2025-08-17 01:54:15,058 - INFO - Found document by ct:filename: http://example.com/container/InternalDocumentb81ea964-c56f-47d7-b815-6ff73cb5a687
2025-08-17 01:54:15,058 - WARNING - Document with path 'CDE Backup_1/GrundlagenInformationen/00815_BW816_KI_E_MF_001_--_z_TBW2.ifc' not found.
2025-08-17 01:54:15,058 - WARNING - Documents not found for: CDE Backup_1/GrundlagenInformationen/00815_BW816_KI_E_MF_001_--_z_TBW1.ifc or CDE Backup_1/GrundlagenInformationen/00815_BW816_KI_E_MF_001_--_z_TBW2.ifc
2025-08-17 01:54:15,058 - INFO - Found document by ct:filename: http://example.com/container/InternalDocumentb81ea964-c56f-47d7-b815-6ff73cb5a687
2025-08-17 01:54:15,058 - WARNING - Document with path 'CDE Backup_1/02_Untersuchungsplanung/20230907_TM_Untersuchungsplanung_a.ifc' not found.
2025-08-17 01:54:15,058 - WARNING - Documents not found for: CDE Backup_1/GrundlagenInformationen/00815_BW816_KI_E_MF_001_--_z_TBW1.ifc or CDE Backup_1/02_Untersuchungsplanung/20230907_TM_Untersuchungsplanung_a.ifc
2025-08-17 01:54:15,058 - INFO - Found document by ct:filename: http://example.com/container/InternalDocumentb81ea964-c56f-47d7-b815-6ff73cb5a687
2025-08-17 01:54:15,058 - WARNING - Document with path 'CDE Backup_1/02_Untersuchungsplanung/20230425_05219_02_AP2_kok_Untersuchungsplanung_Betondruckfestigkeit_klassisch.pdf' not found.
2025-08-17 01:54:15,058 - WARNING - Documents not found for: CDE Backup_1/GrundlagenInformationen/00815_BW816_KI_E_MF_001_--_z_TBW1.ifc or CDE Backup_1/02_Untersuchungsplanung/20230425_05219_02_AP2_kok_Untersuchungsplanung_Betondruckfestigkeit_klassisch.pdf
2025-08-17 01:54:15,059 - WARNING - Document with path 'CDE Backup_1/02_Untersuchungsplanung/20230425_05219_02_AP2_kok_Untersuchungsplanung_Betondruckfestigkeit_klassisch.pdf' not found.
2025-08-17 01:54:15,059 - WARNING - Document with path 'CDE Backup_1/02_Untersuchungsplanung/20230907_TM_Untersuchungsplanung_a.ifc' not found.
2025-08-17 01:54:15,059 - WARNING - Documents not found for: CDE Backup_1/02_Untersuchungsplanung/20230425_05219_02_AP2_kok_Untersuchungsplanung_Betondruckfestigkeit_klassisch.pdf or CDE Backup_1/02_Untersuchungsplanung/20230907_TM_Untersuchungsplanung_a.ifc
2025-08-17 01:54:15,059 - WARNING - Document with path 'CDE Backup_1/02_Untersuchungsplanung/20230425_05219_02_AP2_kok_Untersuchungsplanung_Betondruckfestigkeit_klassisch.pdf' not found.
2025-08-17 01:54:15,059 - INFO - Found document by ct:filename: http://example.com/container/InternalDocument0a6c8575-7eb3-4996-b5b1-cd827d2702a8
2025-08-17 01:54:15,059 - WARNING - Documents not found for: CDE Backup_1/02_Untersuchungsplanung/20230425_05219_02_AP2_kok_Untersuchungsplanung_Betondruckfestigkeit_klassisch.pdf or CDE Backup_1/01_Vertragsunterlagen/20240619_Lv_sty_ohne_Preise_modellbasierte.pdf
2025-08-17 01:54:15,059 - WARNING - Document with path 'CDE Backup_1/02_Untersuchungsplanung/20230425_05219_02_AP2_kok_Untersuchungsplanung_Betondruckfestigkeit_klassisch.pdf' not found.
2025-08-17 01:54:15,059 - INFO - Found document by ct:filename: http://example.com/container/InternalDocumentdcd01240-a300-4836-ae7b-ff94d082032b
2025-08-17 01:54:15,059 - WARNING - Documents not found for: CDE Backup_1/02_Untersuchungsplanung/20230425_05219_02_AP2_kok_Untersuchungsplanung_Betondruckfestigkeit_klassisch.pdf or CDE Backup_1/01_Vertragsunterlagen/20231110_openSIM_Objektkatalog.xlsx
2025-08-17 01:54:15,059 - INFO - Found document by ct:filename: http://example.com/container/InternalDocument829fb8e1-7946-4116-b7a2-ec125d1271de
2025-08-17 01:54:15,059 - INFO - Found document by ct:filename: http://example.com/container/InternalDocumentbfd598c7-8220-49cb-97bd-8d17db56f5c1
2025-08-17 01:54:15,060 - INFO - Found document by ct:filename: http://example.com/container/InternalDocument0a6c8575-7eb3-4996-b5b1-cd827d2702a8
2025-08-17 01:54:15,060 - INFO - Found document by ct:filename: http://example.com/container/InternalDocumentb81ea964-c56f-47d7-b815-6ff73cb5a687
2025-08-17 01:54:15,060 - INFO - Found document by ct:filename: http://example.com/container/InternalDocumentdcd01240-a300-4836-ae7b-ff94d082032b
2025-08-17 01:54:15,060 - INFO - Found document by ct:filename: http://example.com/container/InternalDocumentb81ea964-c56f-47d7-b815-6ff73cb5a687
2025-08-17 01:54:15,060 - INFO - Found document by ct:filename: http://example.com/container/InternalDocument829fb8e1-7946-4116-b7a2-ec125d1271de
2025-08-17 01:54:15,060 - INFO - Found document by ct:filename: http://example.com/container/InternalDocument82b7183a-30ff-465e-b944-8d9f486fea53
2025-08-17 01:54:15,060 - INFO - Found document by ct:filename: http://example.com/container/InternalDocument829fb8e1-7946-4116-b7a2-ec125d1271de
2025-08-17 01:54:15,061 - INFO - Found document by ct:filename: http://example.com/container/InternalDocument1a0d6d14-d9c1-42e0-ac0d-552d317c2082
2025-08-17 01:54:15,061 - WARNING - Document with path 'CDE Backup_1/GrundlagenInformationen/00815_BW816_KI_E_MF_001_--_z_TBW2.ifc' not found.
2025-08-17 01:54:15,061 - WARNING - Document with path 'CDE Backup_1/02_Untersuchungsplanung/20230907_TM_Untersuchungsplanung_a.ifc' not found.
2025-08-17 01:54:15,061 - WARNING - Documents not found for: CDE Backup_1/GrundlagenInformationen/00815_BW816_KI_E_MF_001_--_z_TBW2.ifc or CDE Backup_1/02_Untersuchungsplanung/20230907_TM_Untersuchungsplanung_a.ifc
2025-08-17 01:54:15,061 - INFO - Found document by ct:filename: http://example.com/container/InternalDocument0a6c8575-7eb3-4996-b5b1-cd827d2702a8
2025-08-17 01:54:15,061 - WARNING - Document with path 'CDE Backup_1/links.csv' not found.
2025-08-17 01:54:15,061 - WARNING - Documents not found for: CDE Backup_1/01_Vertragsunterlagen/20240619_Lv_sty_ohne_Preise_modellbasierte.pdf or CDE Backup_1/links.csv
2025-08-17 01:54:15,061 - INFO - Found document by ct:filename: http://example.com/container/InternalDocument82b7183a-30ff-465e-b944-8d9f486fea53
2025-08-17 01:54:15,061 - INFO - Found document by ct:filename: http://example.com/container/InternalDocument829fb8e1-7946-4116-b7a2-ec125d1271de
2025-08-17 01:54:15,062 - WARNING - Document with path 'CDE Backup_1/02_Untersuchungsplanung/20230907_TM_Untersuchungsplanung_a.ifc' not found.
2025-08-17 01:54:15,062 - INFO - Found document by ct:filename: http://example.com/container/InternalDocument82b7183a-30ff-465e-b944-8d9f486fea53
2025-08-17 01:54:15,062 - WARNING - Documents not found for: CDE Backup_1/02_Untersuchungsplanung/20230907_TM_Untersuchungsplanung_a.ifc or CDE Backup_1/01_Vertragsunterlagen/20231110_05219_02_openSIM_BAP.pdf
2025-08-17 01:54:15,062 - INFO - Processing IfcProject in IFC file: C:\Users\Aleks\AppData\Local\Temp\tmp7v9nlawi\Payload documents\CDE Backup_1\GrundlagenInformationen\00815_BW816_KI_E_MF_001_--_z_TBW1.ifc
2025-08-17 01:54:15,432 - INFO - Found IfcProject with GlobalId: 2prRkET0j1bPK3bmZIlnZt in CDE Backup_1/GrundlagenInformationen/00815_BW816_KI_E_MF_001_--_z_TBW1.ifc
2025-08-17 01:54:15,436 - INFO - Link file saved: C:\Users\Aleks\AppData\Local\Temp\tmp7v9nlawi\Payload triples\LinksetRelations_ab147766-d962-4cbf-976e-7d06311980eb.rdf
2025-08-17 01:54:15,439 - INFO - Index.rdf updated with CSV/IFC links (ISO-only).
2025-08-17 01:54:26,705 - INFO - Importing CSV/IFC links...
2025-08-17 01:54:32,129 - INFO - ICDD extracted into C:\Users\Aleks\AppData\Local\Temp\tmpvrgqrt9u
2025-08-17 01:54:45,309 - INFO - Import CDE Backup started.
2025-08-17 01:54:48,068 - INFO - ICDD extracted into C:\Users\Aleks\AppData\Local\Temp\tmpewff9fug
2025-08-17 01:54:53,154 - INFO - CDE Backup extracted into C:\Users\Aleks\AppData\Local\Temp\tmpe_arnaa9
2025-08-17 01:54:53,157 - INFO - Flattened nested 'CDE Backup_1' folder.
2025-08-17 01:55:07,371 - INFO - Index.rdf updated after CDE Backup import (no linkset).
2025-08-17 01:55:14,508 - ERROR - Error importing CDE Backup: [WinError 183] Cannot create a file when that file already exists: 'C:\\Users\\Aleks\\AppData\\Local\\Temp\\tmpewff9fug.zip' -> 'C:/Users/Aleks/Desktop/Test 2_CDE.icdd'
2025-08-17 01:55:28,723 - INFO - Import CDE Backup started.
2025-08-17 01:55:33,629 - INFO - ICDD extracted into C:\Users\Aleks\AppData\Local\Temp\tmpwfei3hk0
2025-08-17 01:55:37,004 - INFO - CDE Backup extracted into C:\Users\Aleks\AppData\Local\Temp\tmppj8m3tf0
2025-08-17 01:55:37,006 - INFO - Flattened nested 'CDE Backup_1' folder.
2025-08-17 01:55:51,482 - INFO - Index.rdf updated after CDE Backup import (no linkset).
2025-08-17 01:56:00,766 - INFO - Updated ICDD saved: C:/Users/Aleks/Desktop/Test 2_CDE.icdd
2025-08-17 01:56:01,901 - INFO - Importing CSV/IFC links...
2025-08-17 01:56:07,749 - INFO - ICDD extracted into C:\Users\Aleks\AppData\Local\Temp\tmpx7m2_6i9
2025-08-17 01:56:13,458 - INFO - IFC documents found: 3
2025-08-17 01:56:13,459 - INFO - IFC full path: C:\Users\Aleks\AppData\Local\Temp\tmpx7m2_6i9\Payload documents\CDE Backup_1\02_Untersuchungsplanung\20230907_TM_Untersuchungsplanung_a.ifc
2025-08-17 01:56:13,518 - INFO - No IfcWall found, trying IfcProduct.
2025-08-17 01:56:13,519 - INFO - IFC full path: C:\Users\Aleks\AppData\Local\Temp\tmpx7m2_6i9\Payload documents\CDE Backup_1\GrundlagenInformationen\00815_BW816_KI_E_MF_001_--_z_TBW1.ifc
2025-08-17 01:56:13,862 - INFO - No IfcWall found, trying IfcProduct.
2025-08-17 01:56:13,864 - INFO - IFC full path: C:\Users\Aleks\AppData\Local\Temp\tmpx7m2_6i9\Payload documents\CDE Backup_1\GrundlagenInformationen\00815_BW816_KI_E_MF_001_--_z_TBW2.ifc
2025-08-17 01:56:14,230 - INFO - No IfcWall found, trying IfcProduct.
2025-08-17 01:56:14,254 - INFO - Found document by ct:filename: http://example.com/container/InternalDocument35898751-66e8-4714-bd7c-0bf3f8621d16
2025-08-17 01:56:14,254 - INFO - Found document by ct:filename: http://example.com/container/InternalDocumente7074ed3-f424-49bf-af59-aa968ec301ec
2025-08-17 01:56:14,254 - INFO - Found document by ct:filename: http://example.com/container/InternalDocument35898751-66e8-4714-bd7c-0bf3f8621d16
2025-08-17 01:56:14,255 - INFO - Found document by ct:filename: http://example.com/container/InternalDocument4981103c-23fc-447a-8905-3451b7b21c67
2025-08-17 01:56:14,255 - INFO - Found document by ct:filename: http://example.com/container/InternalDocument35898751-66e8-4714-bd7c-0bf3f8621d16
2025-08-17 01:56:14,255 - INFO - Found document by ct:filename: http://example.com/container/InternalDocumentab1951c1-40e4-4a89-9bae-e5213d342d62
2025-08-17 01:56:14,255 - INFO - Found document by ct:filename: http://example.com/container/InternalDocumentab1951c1-40e4-4a89-9bae-e5213d342d62
2025-08-17 01:56:14,255 - INFO - Found document by ct:filename: http://example.com/container/InternalDocument4981103c-23fc-447a-8905-3451b7b21c67
2025-08-17 01:56:14,255 - INFO - Found document by ct:filename: http://example.com/container/InternalDocumentab1951c1-40e4-4a89-9bae-e5213d342d62
2025-08-17 01:56:14,256 - INFO - Found document by ct:filename: http://example.com/container/InternalDocumentda68f126-bbbc-42bd-b554-2580c5a824e9
2025-08-17 01:56:14,256 - INFO - Found document by ct:filename: http://example.com/container/InternalDocumentab1951c1-40e4-4a89-9bae-e5213d342d62
2025-08-17 01:56:14,256 - INFO - Found document by ct:filename: http://example.com/container/InternalDocument42fcf28f-6bc1-46cb-9b42-4a5836252218
2025-08-17 01:56:14,256 - INFO - Found document by ct:filename: http://example.com/container/InternalDocumentb08c30dd-1cc6-4731-b71d-a13c53b7f1ac
2025-08-17 01:56:14,256 - INFO - Found document by ct:filename: http://example.com/container/InternalDocument34cfc128-5926-42b5-a474-561b8e1d8a45
2025-08-17 01:56:14,256 - INFO - Found document by ct:filename: http://example.com/container/InternalDocumentda68f126-bbbc-42bd-b554-2580c5a824e9
2025-08-17 01:56:14,256 - INFO - Found document by ct:filename: http://example.com/container/InternalDocument35898751-66e8-4714-bd7c-0bf3f8621d16
2025-08-17 01:56:14,257 - INFO - Found document by ct:filename: http://example.com/container/InternalDocument42fcf28f-6bc1-46cb-9b42-4a5836252218
2025-08-17 01:56:14,257 - INFO - Found document by ct:filename: http://example.com/container/InternalDocument35898751-66e8-4714-bd7c-0bf3f8621d16
2025-08-17 01:56:14,257 - INFO - Found document by ct:filename: http://example.com/container/InternalDocumentb08c30dd-1cc6-4731-b71d-a13c53b7f1ac
2025-08-17 01:56:14,257 - INFO - Found document by ct:filename: http://example.com/container/InternalDocumentd8e6d044-cc9a-4e62-921f-23ad6a577cb0
2025-08-17 01:56:14,257 - INFO - Found document by ct:filename: http://example.com/container/InternalDocumentb08c30dd-1cc6-4731-b71d-a13c53b7f1ac
2025-08-17 01:56:14,257 - INFO - Found document by ct:filename: http://example.com/container/InternalDocumentf82b3de0-9747-4653-9240-cfa6e4ee1711
2025-08-17 01:56:14,258 - INFO - Found document by ct:filename: http://example.com/container/InternalDocumente7074ed3-f424-49bf-af59-aa968ec301ec
2025-08-17 01:56:14,258 - INFO - Found document by ct:filename: http://example.com/container/InternalDocument4981103c-23fc-447a-8905-3451b7b21c67
2025-08-17 01:56:14,258 - INFO - Found document by ct:filename: http://example.com/container/InternalDocumentda68f126-bbbc-42bd-b554-2580c5a824e9
2025-08-17 01:56:14,258 - WARNING - Document with path 'CDE Backup_1/links.csv' not found.
2025-08-17 01:56:14,258 - WARNING - Documents not found for: CDE Backup_1/01_Vertragsunterlagen/20240619_Lv_sty_ohne_Preise_modellbasierte.pdf or CDE Backup_1/links.csv
2025-08-17 01:56:14,258 - INFO - Found document by ct:filename: http://example.com/container/InternalDocumentd8e6d044-cc9a-4e62-921f-23ad6a577cb0
2025-08-17 01:56:14,258 - INFO - Found document by ct:filename: http://example.com/container/InternalDocumentb08c30dd-1cc6-4731-b71d-a13c53b7f1ac
2025-08-17 01:56:14,258 - INFO - Found document by ct:filename: http://example.com/container/InternalDocument4981103c-23fc-447a-8905-3451b7b21c67
2025-08-17 01:56:14,258 - INFO - Found document by ct:filename: http://example.com/container/InternalDocumentd8e6d044-cc9a-4e62-921f-23ad6a577cb0
2025-08-17 01:56:14,259 - INFO - Processing IfcProject in IFC file: C:\Users\Aleks\AppData\Local\Temp\tmpx7m2_6i9\Payload documents\CDE Backup_1\02_Untersuchungsplanung\20230907_TM_Untersuchungsplanung_a.ifc
2025-08-17 01:56:14,304 - INFO - Found IfcProject with GlobalId: 223Pa4wvfCy8HqjQa3iQkW in CDE Backup_1/02_Untersuchungsplanung/20230907_TM_Untersuchungsplanung_a.ifc
2025-08-17 01:56:14,304 - INFO - Processing IfcProject in IFC file: C:\Users\Aleks\AppData\Local\Temp\tmpx7m2_6i9\Payload documents\CDE Backup_1\GrundlagenInformationen\00815_BW816_KI_E_MF_001_--_z_TBW1.ifc
2025-08-17 01:56:14,706 - INFO - Found IfcProject with GlobalId: 2prRkET0j1bPK3bmZIlnZt in CDE Backup_1/GrundlagenInformationen/00815_BW816_KI_E_MF_001_--_z_TBW1.ifc
2025-08-17 01:56:14,707 - INFO - Processing IfcProject in IFC file: C:\Users\Aleks\AppData\Local\Temp\tmpx7m2_6i9\Payload documents\CDE Backup_1\GrundlagenInformationen\00815_BW816_KI_E_MF_001_--_z_TBW2.ifc
2025-08-17 01:56:15,121 - INFO - Found IfcProject with GlobalId: 2prRkET0j1bPK3bmZIlnZt in CDE Backup_1/GrundlagenInformationen/00815_BW816_KI_E_MF_001_--_z_TBW2.ifc
2025-08-17 01:56:15,127 - INFO - Link file saved: C:\Users\Aleks\AppData\Local\Temp\tmpx7m2_6i9\Payload triples\LinksetRelations_b907c3a0-4890-43e3-bda9-9384b6033711.rdf
2025-08-17 01:56:15,130 - INFO - Index.rdf updated with CSV/IFC links (ISO-only).
2025-08-17 01:56:26,766 - INFO - Updated ICDD saved: C:/Users/Aleks/Desktop/Test 2_CDE_CSV.icdd
2025-08-17 01:56:28,931 - INFO - Starting the ICDD...
2025-08-17 01:56:31,610 - INFO - ICDD extracted in: C:\Users\Aleks\AppData\Local\Temp\tmpbmpyaoou
2025-08-17 02:09:31,721 - INFO - Temporary directory C:\Users\Aleks\AppData\Local\Temp\tmpbmpyaoou deleted.
2025-09-19 18:50:10,310 - INFO - Starting ICDD creation...
2025-09-19 18:50:22,914 - INFO - Index.rdf created in C:/Users/Aleks/Desktop\Test 1\Index.rdf
2025-09-19 18:50:24,314 - INFO - ICDD created: C:/Users/Aleks/Desktop\Test 1.icdd
2025-09-19 18:50:28,568 - INFO - Import CDE Backup started.
2025-09-19 18:50:34,683 - INFO - ICDD extracted into C:\Users\Aleks\AppData\Local\Temp\tmpqle84o2m
2025-09-19 18:50:39,919 - INFO - CDE Backup extracted into C:\Users\Aleks\AppData\Local\Temp\tmpcol24jl6
2025-09-19 18:50:39,922 - INFO - Flattened nested 'CDE Backup_1' folder.
2025-09-19 18:50:55,232 - INFO - Index.rdf updated after CDE Backup import (no linkset).
2025-09-19 18:51:06,260 - INFO - Updated ICDD saved: C:/Users/Aleks/Desktop/Test 1_CDE.icdd
2025-09-19 18:51:16,608 - INFO - Importing CSV/IFC links...
2025-09-19 18:51:19,493 - INFO - ICDD extracted into C:\Users\Aleks\AppData\Local\Temp\tmpifo64fie
2025-09-19 18:51:26,294 - INFO - IFC documents found: 1
2025-09-19 18:51:26,294 - INFO - IFC full path: C:\Users\Aleks\AppData\Local\Temp\tmpifo64fie\Payload documents\CDE Backup_1\02_Untersuchungsplanung\20230907_TM_Untersuchungsplanung_a.ifc
2025-09-19 18:51:26,349 - INFO - No IfcWall found, trying IfcProduct.
2025-09-19 18:51:26,389 - WARNING - Document with path 'CDE Backup_1/GrundlagenInformationen/00815_BW816_KI_E_MF_001_--_z_TBW1.ifc' not found.
2025-09-19 18:51:26,389 - WARNING - Document with path 'CDE Backup_1/GrundlagenInformationen/00815_BW816_KI_E_MF_001_--_z_TBW2.ifc' not found.
2025-09-19 18:51:26,389 - WARNING - Documents not found for: CDE Backup_1/GrundlagenInformationen/00815_BW816_KI_E_MF_001_--_z_TBW1.ifc or CDE Backup_1/GrundlagenInformationen/00815_BW816_KI_E_MF_001_--_z_TBW2.ifc
2025-09-19 18:51:26,389 - WARNING - Document with path 'CDE Backup_1/GrundlagenInformationen/00815_BW816_KI_E_MF_001_--_z_TBW1.ifc' not found.
2025-09-19 18:51:26,389 - INFO - Found document by ct:filename: http://example.com/container/InternalDocument5a54312b-c5ec-4cb3-8a72-82dbcb0dfa61
2025-09-19 18:51:26,389 - WARNING - Documents not found for: CDE Backup_1/GrundlagenInformationen/00815_BW816_KI_E_MF_001_--_z_TBW1.ifc or CDE Backup_1/02_Untersuchungsplanung/20230907_TM_Untersuchungsplanung_a.ifc
2025-09-19 18:51:26,389 - WARNING - Document with path 'CDE Backup_1/GrundlagenInformationen/00815_BW816_KI_E_MF_001_--_z_TBW1.ifc' not found.
2025-09-19 18:51:26,389 - WARNING - Document with path 'CDE Backup_1/02_Untersuchungsplanung/20230425_05219_02_AP2_kok_Untersuchungsplanung_Betondruckfestigkeit_klassisch.pdf' not found.
2025-09-19 18:51:26,390 - WARNING - Documents not found for: CDE Backup_1/GrundlagenInformationen/00815_BW816_KI_E_MF_001_--_z_TBW1.ifc or CDE Backup_1/02_Untersuchungsplanung/20230425_05219_02_AP2_kok_Untersuchungsplanung_Betondruckfestigkeit_klassisch.pdf
2025-09-19 18:51:26,390 - WARNING - Document with path 'CDE Backup_1/02_Untersuchungsplanung/20230425_05219_02_AP2_kok_Untersuchungsplanung_Betondruckfestigkeit_klassisch.pdf' not found.
2025-09-19 18:51:26,390 - INFO - Found document by ct:filename: http://example.com/container/InternalDocument5a54312b-c5ec-4cb3-8a72-82dbcb0dfa61
2025-09-19 18:51:26,390 - WARNING - Documents not found for: CDE Backup_1/02_Untersuchungsplanung/20230425_05219_02_AP2_kok_Untersuchungsplanung_Betondruckfestigkeit_klassisch.pdf or CDE Backup_1/02_Untersuchungsplanung/20230907_TM_Untersuchungsplanung_a.ifc
2025-09-19 18:51:26,390 - WARNING - Document with path 'CDE Backup_1/02_Untersuchungsplanung/20230425_05219_02_AP2_kok_Untersuchungsplanung_Betondruckfestigkeit_klassisch.pdf' not found.
2025-09-19 18:51:26,390 - INFO - Found document by ct:filename: http://example.com/container/InternalDocument1bfa278a-b9ee-411e-8988-9da66abdab6a
2025-09-19 18:51:26,390 - WARNING - Documents not found for: CDE Backup_1/02_Untersuchungsplanung/20230425_05219_02_AP2_kok_Untersuchungsplanung_Betondruckfestigkeit_klassisch.pdf or CDE Backup_1/01_Vertragsunterlagen/20240619_Lv_sty_ohne_Preise_modellbasierte.pdf
2025-09-19 18:51:26,391 - WARNING - Document with path 'CDE Backup_1/02_Untersuchungsplanung/20230425_05219_02_AP2_kok_Untersuchungsplanung_Betondruckfestigkeit_klassisch.pdf' not found.
2025-09-19 18:51:26,391 - INFO - Found document by ct:filename: http://example.com/container/InternalDocument2292d959-787c-4c9b-a0d6-c974d554477f
2025-09-19 18:51:26,391 - WARNING - Documents not found for: CDE Backup_1/02_Untersuchungsplanung/20230425_05219_02_AP2_kok_Untersuchungsplanung_Betondruckfestigkeit_klassisch.pdf or CDE Backup_1/01_Vertragsunterlagen/20231110_openSIM_Objektkatalog.xlsx
2025-09-19 18:51:26,391 - INFO - Found document by ct:filename: http://example.com/container/InternalDocument2cf77bd4-9e24-4e02-b186-d7ffd15de434
2025-09-19 18:51:26,391 - INFO - Found document by ct:filename: http://example.com/container/InternalDocument1f5f06a8-f809-4690-a60d-5e7a3a0421c5
2025-09-19 18:51:26,391 - INFO - Found document by ct:filename: http://example.com/container/InternalDocument1bfa278a-b9ee-411e-8988-9da66abdab6a
2025-09-19 18:51:26,391 - WARNING - Document with path 'CDE Backup_1/GrundlagenInformationen/00815_BW816_KI_E_MF_001_--_z_TBW1.ifc' not found.
2025-09-19 18:51:26,391 - WARNING - Documents not found for: CDE Backup_1/01_Vertragsunterlagen/20240619_Lv_sty_ohne_Preise_modellbasierte.pdf or CDE Backup_1/GrundlagenInformationen/00815_BW816_KI_E_MF_001_--_z_TBW1.ifc
2025-09-19 18:51:26,392 - INFO - Found document by ct:filename: http://example.com/container/InternalDocument2292d959-787c-4c9b-a0d6-c974d554477f
2025-09-19 18:51:26,392 - WARNING - Document with path 'CDE Backup_1/GrundlagenInformationen/00815_BW816_KI_E_MF_001_--_z_TBW1.ifc' not found.
2025-09-19 18:51:26,392 - WARNING - Documents not found for: CDE Backup_1/01_Vertragsunterlagen/20231110_openSIM_Objektkatalog.xlsx or CDE Backup_1/GrundlagenInformationen/00815_BW816_KI_E_MF_001_--_z_TBW1.ifc
2025-09-19 18:51:26,392 - INFO - Found document by ct:filename: http://example.com/container/InternalDocument2cf77bd4-9e24-4e02-b186-d7ffd15de434
2025-09-19 18:51:26,392 - INFO - Found document by ct:filename: http://example.com/container/InternalDocument1e864803-b704-40c8-b947-1a0581ab8481
2025-09-19 18:51:26,392 - INFO - Found document by ct:filename: http://example.com/container/InternalDocument2cf77bd4-9e24-4e02-b186-d7ffd15de434
2025-09-19 18:51:26,392 - INFO - Found document by ct:filename: http://example.com/container/InternalDocument4e56f474-4a59-4662-bd57-be975738de10
2025-09-19 18:51:26,392 - WARNING - Document with path 'CDE Backup_1/GrundlagenInformationen/00815_BW816_KI_E_MF_001_--_z_TBW2.ifc' not found.
2025-09-19 18:51:26,392 - INFO - Found document by ct:filename: http://example.com/container/InternalDocument5a54312b-c5ec-4cb3-8a72-82dbcb0dfa61
2025-09-19 18:51:26,393 - WARNING - Documents not found for: CDE Backup_1/GrundlagenInformationen/00815_BW816_KI_E_MF_001_--_z_TBW2.ifc or CDE Backup_1/02_Untersuchungsplanung/20230907_TM_Untersuchungsplanung_a.ifc
2025-09-19 18:51:26,393 - INFO - Found document by ct:filename: http://example.com/container/InternalDocument1bfa278a-b9ee-411e-8988-9da66abdab6a
2025-09-19 18:51:26,393 - WARNING - Document with path 'CDE Backup_1/links.csv' not found.
2025-09-19 18:51:26,393 - WARNING - Documents not found for: CDE Backup_1/01_Vertragsunterlagen/20240619_Lv_sty_ohne_Preise_modellbasierte.pdf or CDE Backup_1/links.csv
2025-09-19 18:51:26,393 - INFO - Found document by ct:filename: http://example.com/container/InternalDocument1e864803-b704-40c8-b947-1a0581ab8481
2025-09-19 18:51:26,393 - INFO - Found document by ct:filename: http://example.com/container/InternalDocument2cf77bd4-9e24-4e02-b186-d7ffd15de434
2025-09-19 18:51:26,393 - INFO - Found document by ct:filename: http://example.com/container/InternalDocument5a54312b-c5ec-4cb3-8a72-82dbcb0dfa61
2025-09-19 18:51:26,393 - INFO - Found document by ct:filename: http://example.com/container/InternalDocument1e864803-b704-40c8-b947-1a0581ab8481
2025-09-19 18:51:26,393 - INFO - Processing IfcProject in IFC file: C:\Users\Aleks\AppData\Local\Temp\tmpifo64fie\Payload documents\CDE Backup_1\02_Untersuchungsplanung\20230907_TM_Untersuchungsplanung_a.ifc
2025-09-19 18:51:26,431 - INFO - Found IfcProject with GlobalId: 223Pa4wvfCy8HqjQa3iQkW in CDE Backup_1/02_Untersuchungsplanung/20230907_TM_Untersuchungsplanung_a.ifc
2025-09-19 18:51:26,434 - INFO - Link file saved: C:\Users\Aleks\AppData\Local\Temp\tmpifo64fie\Payload triples\LinksetRelations_f886b22f-4bd1-4adb-aff0-0cc58f7f0636.rdf
2025-09-19 18:51:26,437 - INFO - Index.rdf updated with CSV/IFC links (ISO-only).
2025-09-19 18:51:39,634 - INFO - Updated ICDD saved: C:/Users/Aleks/Desktop/Test 1_CDE_CSV.icdd
2025-09-19 18:51:43,736 - INFO - Starting the ICDD...
2025-09-19 18:51:52,539 - INFO - ICDD extracted in: C:\Users\Aleks\AppData\Local\Temp\tmpym62729p
2025-09-19 18:52:26,746 - INFO - Temporary directory C:\Users\Aleks\AppData\Local\Temp\tmpym62729p deleted.
